2025-09-16 22:47:21 ERROR ServerLogger - Загрузочный файл не найден!
2025-09-16 22:47:21 INFO  ServerApp - Коллекция успешно загружена.
2025-09-16 22:47:21 INFO  ServerApp - Коллекция успешно загружена.
2025-09-16 22:47:21 INFO  ServerApp - Все загруженные объекты валидны.
2025-09-16 22:47:21 INFO  ServerApp - Все загруженные объекты валидны.
2025-09-16 22:56:10 ERROR ServerLogger - Загрузочный файл не найден!
2025-09-16 22:56:10 INFO  ServerApp - Коллекция успешно загружена.
2025-09-16 22:56:10 INFO  ServerApp - Коллекция успешно загружена.
2025-09-16 22:56:10 INFO  ServerApp - Все загруженные объекты валидны.
2025-09-16 22:56:10 INFO  ServerApp - Все загруженные объекты валидны.
2025-09-16 22:56:10 ERROR ServerLogger - Ошибка создания сокета на порту 8080
java.net.BindException: Address already in use
	at sun.nio.ch.Net.bind0(Native Method) ~[?:?]
	at sun.nio.ch.Net.bind(Net.java:555) ~[?:?]
	at sun.nio.ch.DatagramChannelImpl.bindInternal(DatagramChannelImpl.java:1194) ~[?:?]
	at sun.nio.ch.DatagramChannelImpl.bind(DatagramChannelImpl.java:1164) ~[?:?]
	at sun.nio.ch.DatagramSocketAdaptor.bind(DatagramSocketAdaptor.java:107) ~[?:?]
	at java.net.DatagramSocket.createDelegate(DatagramSocket.java:1426) ~[?:?]
	at java.net.DatagramSocket.<init>(DatagramSocket.java:330) ~[?:?]
	at server.network.TCPDatagramServer.<init>(TCPDatagramServer.java:37) ~[main/:?]
	at server.ServerApp.main(ServerApp.java:78) ~[main/:?]
2025-09-16 22:56:10 ERROR ServerLogger - Загрузочный файл не может быть открыт!
2025-09-16 22:56:10 INFO  ServerApp - Коллекция успешно сохранена.
2025-09-16 22:56:10 INFO  ServerApp - Коллекция успешно сохранена.
2025-09-16 22:56:40 ERROR ServerLogger - Загрузочный файл не может быть открыт!
2025-09-16 22:56:40 INFO  ServerApp - Коллекция успешно сохранена.
2025-09-16 22:56:40 INFO  ServerApp - Коллекция успешно сохранена.
2025-09-16 22:56:43 ERROR ServerLogger - Загрузочный файл не найден!
2025-09-16 22:56:43 INFO  ServerApp - Коллекция успешно загружена.
2025-09-16 22:56:43 INFO  ServerApp - Коллекция успешно загружена.
2025-09-16 22:56:43 INFO  ServerApp - Все загруженные объекты валидны.
2025-09-16 22:56:43 INFO  ServerApp - Все загруженные объекты валидны.
2025-09-16 22:57:23 ERROR ServerLogger - Загрузочный файл не может быть открыт!
2025-09-16 22:57:23 INFO  ServerApp - Коллекция успешно сохранена.
2025-09-16 22:57:23 INFO  ServerApp - Коллекция успешно сохранена.
2025-09-16 22:58:04 ERROR ServerLogger - Загрузочный файл не найден!
2025-09-16 22:58:04 INFO  ServerApp - Коллекция успешно загружена.
2025-09-16 22:58:04 INFO  ServerApp - Коллекция успешно загружена.
2025-09-16 22:58:04 INFO  ServerApp - Все загруженные объекты валидны.
2025-09-16 22:58:04 INFO  ServerApp - Все загруженные объекты валидны.
2025-09-16 22:58:24 ERROR ServerLogger - Загрузочный файл не может быть открыт!
2025-09-16 22:58:24 INFO  ServerApp - Коллекция успешно сохранена.
2025-09-16 22:58:24 INFO  ServerApp - Коллекция успешно сохранена.
2025-09-16 22:59:10 ERROR ServerLogger - Загрузочный файл не найден!
2025-09-16 22:59:10 INFO  ServerApp - Коллекция успешно загружена.
2025-09-16 22:59:10 INFO  ServerApp - Коллекция успешно загружена.
2025-09-16 22:59:10 INFO  ServerApp - Все загруженные объекты валидны.
2025-09-16 22:59:10 INFO  ServerApp - Все загруженные объекты валидны.
2025-09-16 23:01:03 ERROR ServerLogger - Загрузочный файл не может быть открыт!
2025-09-16 23:01:03 INFO  ServerApp - Коллекция успешно сохранена.
2025-09-16 23:01:03 INFO  ServerApp - Коллекция успешно сохранена.
2025-09-16 23:03:57 ERROR ServerLogger - Загрузочный файл не найден!
2025-09-16 23:03:57 INFO  ServerApp - Коллекция успешно загружена.
2025-09-16 23:03:57 INFO  ServerApp - Коллекция успешно загружена.
2025-09-16 23:03:57 INFO  ServerApp - Все загруженные объекты валидны.
2025-09-16 23:03:57 INFO  ServerApp - Все загруженные объекты валидны.
2025-09-16 23:04:36 ERROR ServerLogger - Загрузочный файл не может быть открыт!
2025-09-16 23:04:36 INFO  ServerApp - Коллекция успешно сохранена.
2025-09-16 23:04:36 INFO  ServerApp - Коллекция успешно сохранена.
2025-09-16 23:10:10 ERROR ServerLogger - Загрузочный файл не найден!
2025-09-16 23:10:10 INFO  ServerApp - Коллекция успешно загружена.
2025-09-16 23:10:10 INFO  ServerApp - Коллекция успешно загружена.
2025-09-16 23:10:10 INFO  ServerApp - Все загруженные объекты валидны.
2025-09-16 23:10:10 INFO  ServerApp - Все загруженные объекты валидны.
2025-09-16 23:11:28 ERROR ServerLogger - Загрузочный файл не может быть открыт!
2025-09-16 23:11:28 INFO  ServerApp - Коллекция успешно сохранена.
2025-09-16 23:11:28 INFO  ServerApp - Коллекция успешно сохранена.
2025-09-16 23:11:30 ERROR ServerLogger - Загрузочный файл не найден!
2025-09-16 23:11:30 INFO  ServerApp - Коллекция успешно загружена.
2025-09-16 23:11:30 INFO  ServerApp - Коллекция успешно загружена.
2025-09-16 23:11:30 ERROR ServerLogger - Загрузочный файл не может быть открыт!
2025-09-16 23:11:30 INFO  ServerApp - Коллекция успешно сохранена.
2025-09-16 23:11:30 INFO  ServerApp - Коллекция успешно сохранена.
2025-09-16 23:13:17 ERROR ServerLogger - Загрузочный файл не найден!
2025-09-16 23:13:17 INFO  ServerApp - Коллекция успешно загружена.
2025-09-16 23:13:17 INFO  ServerApp - Коллекция успешно загружена.
2025-09-16 23:13:17 ERROR ServerLogger - Загрузочный файл не может быть открыт!
2025-09-16 23:13:17 INFO  ServerApp - Коллекция успешно сохранена.
2025-09-16 23:13:17 INFO  ServerApp - Коллекция успешно сохранена.
2025-09-16 23:19:19 ERROR ServerLogger - Загрузочный файл не найден!
2025-09-16 23:19:19 INFO  ServerApp - Коллекция успешно загружена.
2025-09-16 23:19:19 INFO  ServerApp - Коллекция успешно загружена.
2025-09-16 23:19:19 INFO  ServerApp - Все загруженные объекты валидны.
2025-09-16 23:19:19 INFO  ServerApp - Все загруженные объекты валидны.
2025-09-16 23:23:06 ERROR ServerLogger - Загрузочный файл не может быть открыт!
2025-09-16 23:23:06 INFO  ServerApp - Коллекция успешно сохранена.
2025-09-16 23:23:06 INFO  ServerApp - Коллекция успешно сохранена.
2025-09-16 23:28:16 ERROR ServerLogger - Загрузочный файл не найден!
2025-09-16 23:28:16 INFO  ServerApp - Коллекция успешно загружена.
2025-09-16 23:28:16 INFO  ServerApp - Коллекция успешно загружена.
2025-09-16 23:28:16 INFO  ServerApp - Все загруженные объекты валидны.
2025-09-16 23:28:16 INFO  ServerApp - Все загруженные объекты валидны.
2025-09-16 23:28:59 ERROR ServerLogger - Загрузочный файл не может быть открыт!
2025-09-16 23:28:59 INFO  ServerApp - Коллекция успешно сохранена.
2025-09-16 23:28:59 INFO  ServerApp - Коллекция успешно сохранена.
2025-09-16 23:29:01 ERROR ServerLogger - Загрузочный файл не найден!
2025-09-16 23:29:01 INFO  ServerApp - Коллекция успешно загружена.
2025-09-16 23:29:01 INFO  ServerApp - Коллекция успешно загружена.
2025-09-16 23:29:01 INFO  ServerApp - Все загруженные объекты валидны.
2025-09-16 23:29:01 INFO  ServerApp - Все загруженные объекты валидны.
2025-09-16 23:29:43 ERROR ServerLogger - Загрузочный файл не может быть открыт!
2025-09-16 23:29:45 ERROR ServerLogger - Загрузочный файл не найден!
2025-09-16 23:29:45 INFO  ServerApp - Коллекция успешно загружена.
2025-09-16 23:29:45 INFO  ServerApp - Коллекция успешно загружена.
2025-09-16 23:29:45 INFO  ServerApp - Все загруженные объекты валидны.
2025-09-16 23:29:45 INFO  ServerApp - Все загруженные объекты валидны.
2025-09-16 23:30:13 ERROR ServerLogger - Загрузочный файл не может быть открыт!
2025-09-16 23:30:13 INFO  ServerApp - Коллекция успешно сохранена.
2025-09-16 23:30:13 INFO  ServerApp - Коллекция успешно сохранена.
2025-09-16 23:30:14 ERROR ServerLogger - Загрузочный файл не найден!
2025-09-16 23:30:14 INFO  ServerApp - Коллекция успешно загружена.
2025-09-16 23:30:14 INFO  ServerApp - Коллекция успешно загружена.
2025-09-16 23:30:14 INFO  ServerApp - Все загруженные объекты валидны.
2025-09-16 23:30:14 INFO  ServerApp - Все загруженные объекты валидны.
2025-09-16 23:30:58 ERROR ServerLogger - Загрузочный файл не может быть открыт!
2025-09-16 23:30:58 INFO  ServerApp - Коллекция успешно сохранена.
2025-09-16 23:30:58 INFO  ServerApp - Коллекция успешно сохранена.
2025-09-16 23:31:00 ERROR ServerLogger - Загрузочный файл не найден!
2025-09-16 23:31:00 INFO  ServerApp - Коллекция успешно загружена.
2025-09-16 23:31:00 INFO  ServerApp - Коллекция успешно загружена.
2025-09-16 23:31:00 INFO  ServerApp - Все загруженные объекты валидны.
2025-09-16 23:31:00 INFO  ServerApp - Все загруженные объекты валидны.
2025-09-16 23:31:29 ERROR ServerLogger - Загрузочный файл не может быть открыт!
2025-09-16 23:31:29 INFO  ServerApp - Коллекция успешно сохранена.
2025-09-16 23:31:29 INFO  ServerApp - Коллекция успешно сохранена.
2025-09-16 23:32:37 ERROR ServerLogger - Загрузочный файл не найден!
2025-09-16 23:32:37 INFO  ServerApp - Коллекция успешно загружена.
2025-09-16 23:32:37 INFO  ServerApp - Коллекция успешно загружена.
2025-09-16 23:32:37 INFO  ServerApp - Все загруженные объекты валидны.
2025-09-16 23:32:37 INFO  ServerApp - Все загруженные объекты валидны.
2025-09-16 23:33:47 ERROR ServerLogger - Загрузочный файл не может быть открыт!
2025-09-16 23:33:48 INFO  ServerApp - Коллекция успешно сохранена.
2025-09-16 23:33:48 INFO  ServerApp - Коллекция успешно сохранена.
2025-09-16 23:35:05 ERROR ServerLogger - Загрузочный файл не найден!
2025-09-16 23:35:05 INFO  ServerApp - Коллекция успешно загружена.
2025-09-16 23:35:05 INFO  ServerApp - Коллекция успешно загружена.
2025-09-16 23:35:05 INFO  ServerApp - Все загруженные объекты валидны.
2025-09-16 23:35:05 INFO  ServerApp - Все загруженные объекты валидны.
2025-09-16 23:41:15 ERROR ServerLogger - Загрузочный файл не может быть открыт!
2025-09-16 23:41:15 INFO  ServerApp - Коллекция успешно сохранена.
2025-09-16 23:41:15 INFO  ServerApp - Коллекция успешно сохранена.
2025-09-16 23:45:36 ERROR ServerLogger - Загрузочный файл не найден!
2025-09-16 23:45:36 INFO  ServerApp - Коллекция успешно загружена.
2025-09-16 23:45:36 INFO  ServerApp - Коллекция успешно загружена.
2025-09-16 23:45:36 INFO  ServerApp - Все загруженные объекты валидны.
2025-09-16 23:45:36 INFO  ServerApp - Все загруженные объекты валидны.
2025-09-16 23:46:19 ERROR ServerLogger - Загрузочный файл не найден!
2025-09-16 23:46:19 INFO  ServerApp - Коллекция успешно загружена.
2025-09-16 23:46:19 INFO  ServerApp - Коллекция успешно загружена.
2025-09-16 23:46:19 INFO  ServerApp - Все загруженные объекты валидны.
2025-09-16 23:46:19 INFO  ServerApp - Все загруженные объекты валидны.
2025-09-16 23:46:19 ERROR ServerLogger - Ошибка создания сокета на порту 8080
java.net.BindException: Address already in use
	at sun.nio.ch.Net.bind0(Native Method) ~[?:?]
	at sun.nio.ch.Net.bind(Net.java:555) ~[?:?]
	at sun.nio.ch.DatagramChannelImpl.bindInternal(DatagramChannelImpl.java:1194) ~[?:?]
	at sun.nio.ch.DatagramChannelImpl.bind(DatagramChannelImpl.java:1164) ~[?:?]
	at sun.nio.ch.DatagramSocketAdaptor.bind(DatagramSocketAdaptor.java:107) ~[?:?]
	at java.net.DatagramSocket.createDelegate(DatagramSocket.java:1426) ~[?:?]
	at java.net.DatagramSocket.<init>(DatagramSocket.java:330) ~[?:?]
	at server.network.TCPDatagramServer.<init>(TCPDatagramServer.java:37) ~[main/:?]
	at server.ServerApp.main(ServerApp.java:79) ~[main/:?]
2025-09-16 23:46:19 ERROR ServerLogger - Загрузочный файл не может быть открыт!
2025-09-16 23:46:19 INFO  ServerApp - Коллекция успешно сохранена.
2025-09-16 23:46:19 INFO  ServerApp - Коллекция успешно сохранена.
2025-09-16 23:46:42 ERROR ServerLogger - Загрузочный файл не может быть открыт!
2025-09-16 23:46:42 INFO  ServerApp - Коллекция успешно сохранена.
2025-09-16 23:46:42 INFO  ServerApp - Коллекция успешно сохранена.
2025-09-16 23:46:48 ERROR ServerLogger - Загрузочный файл не может быть открыт!
2025-09-16 23:46:48 INFO  ServerApp - Коллекция успешно сохранена.
2025-09-16 23:46:48 INFO  ServerApp - Коллекция успешно сохранена.
2025-09-16 23:50:26 ERROR ServerLogger - Загрузочный файл не найден!
2025-09-16 23:50:26 INFO  ServerApp - Коллекция успешно загружена.
2025-09-16 23:50:26 INFO  ServerApp - Коллекция успешно загружена.
2025-09-16 23:50:26 INFO  ServerApp - Все загруженные объекты валидны.
2025-09-16 23:50:26 INFO  ServerApp - Все загруженные объекты валидны.
2025-09-16 23:50:54 ERROR ServerLogger - Загрузочный файл не может быть открыт!
2025-09-16 23:50:54 INFO  ServerApp - Коллекция успешно сохранена.
2025-09-16 23:50:54 INFO  ServerApp - Коллекция успешно сохранена.
2025-09-16 23:51:10 ERROR ServerLogger - Загрузочный файл не может быть открыт!
2025-09-16 23:51:10 INFO  ServerApp - Коллекция успешно сохранена.
2025-09-16 23:51:10 INFO  ServerApp - Коллекция успешно сохранена.
2025-09-16 23:53:26 ERROR ServerLogger - Загрузочный файл не найден!
2025-09-16 23:53:26 INFO  ServerApp - Коллекция успешно загружена.
2025-09-16 23:53:26 INFO  ServerApp - Коллекция успешно загружена.
2025-09-16 23:53:26 INFO  ServerApp - Все загруженные объекты валидны.
2025-09-16 23:53:26 INFO  ServerApp - Все загруженные объекты валидны.
2025-09-16 23:54:55 ERROR ServerLogger - Загрузочный файл не найден!
2025-09-16 23:54:55 INFO  ServerApp - Коллекция успешно загружена.
2025-09-16 23:54:55 INFO  ServerApp - Коллекция успешно загружена.
2025-09-16 23:54:55 INFO  ServerApp - Все загруженные объекты валидны.
2025-09-16 23:54:55 INFO  ServerApp - Все загруженные объекты валидны.
2025-09-16 23:54:55 ERROR ServerLogger - Ошибка создания сокета на порту 8080
java.net.BindException: Address already in use
	at sun.nio.ch.Net.bind0(Native Method) ~[?:?]
	at sun.nio.ch.Net.bind(Net.java:555) ~[?:?]
	at sun.nio.ch.DatagramChannelImpl.bindInternal(DatagramChannelImpl.java:1194) ~[?:?]
	at sun.nio.ch.DatagramChannelImpl.bind(DatagramChannelImpl.java:1164) ~[?:?]
	at sun.nio.ch.DatagramSocketAdaptor.bind(DatagramSocketAdaptor.java:107) ~[?:?]
	at java.net.DatagramSocket.createDelegate(DatagramSocket.java:1426) ~[?:?]
	at java.net.DatagramSocket.<init>(DatagramSocket.java:330) ~[?:?]
	at server.network.TCPDatagramServer.<init>(TCPDatagramServer.java:37) ~[main/:?]
	at server.ServerApp.main(ServerApp.java:79) ~[main/:?]
2025-09-16 23:54:55 ERROR ServerLogger - Загрузочный файл не может быть открыт!
2025-09-16 23:54:55 INFO  ServerApp - Коллекция успешно сохранена.
2025-09-16 23:54:55 INFO  ServerApp - Коллекция успешно сохранена.
2025-09-16 23:58:08 ERROR ServerLogger - Загрузочный файл не найден!
2025-09-16 23:58:08 INFO  ServerApp - Коллекция успешно загружена.
2025-09-16 23:58:08 INFO  ServerApp - Коллекция успешно загружена.
2025-09-16 23:58:08 INFO  ServerApp - Все загруженные объекты валидны.
2025-09-16 23:58:08 INFO  ServerApp - Все загруженные объекты валидны.
2025-09-16 23:59:21 ERROR ServerLogger - Загрузочный файл не может быть открыт!
2025-09-16 23:59:21 INFO  ServerApp - Коллекция успешно сохранена.
2025-09-16 23:59:21 INFO  ServerApp - Коллекция успешно сохранена.
2025-09-16 23:59:34 ERROR ServerLogger - Загрузочный файл не может быть открыт!
2025-09-16 23:59:34 INFO  ServerApp - Коллекция успешно сохранена.
2025-09-16 23:59:34 INFO  ServerApp - Коллекция успешно сохранена.
2025-09-16 23:59:43 ERROR ServerLogger - Загрузочный файл не может быть открыт!
2025-09-16 23:59:43 INFO  ServerApp - Коллекция успешно сохранена.
2025-09-16 23:59:43 INFO  ServerApp - Коллекция успешно сохранена.
2025-09-17 00:00:32 ERROR ServerLogger - Загрузочный файл не найден!
2025-09-17 00:00:32 INFO  ServerApp - Коллекция успешно загружена.
2025-09-17 00:00:32 INFO  ServerApp - Коллекция успешно загружена.
2025-09-17 00:00:32 INFO  ServerApp - Все загруженные объекты валидны.
2025-09-17 00:00:32 INFO  ServerApp - Все загруженные объекты валидны.
2025-09-17 00:01:15 ERROR ServerLogger - Загрузочный файл не может быть открыт!
2025-09-17 00:01:15 INFO  ServerApp - Коллекция успешно сохранена.
2025-09-17 00:01:15 INFO  ServerApp - Коллекция успешно сохранена.
2025-09-17 00:01:24 ERROR ServerLogger - Загрузочный файл не может быть открыт!
2025-09-17 00:01:24 INFO  ServerApp - Коллекция успешно сохранена.
2025-09-17 00:01:24 INFO  ServerApp - Коллекция успешно сохранена.
2025-09-17 00:01:48 ERROR ServerLogger - Загрузочный файл не может быть открыт!
2025-09-17 00:01:48 INFO  ServerApp - Коллекция успешно сохранена.
2025-09-17 00:01:48 INFO  ServerApp - Коллекция успешно сохранена.
2025-09-17 00:03:15 ERROR ServerLogger - Загрузочный файл не может быть открыт!
2025-09-17 00:03:15 INFO  ServerApp - Коллекция успешно сохранена.
2025-09-17 00:03:15 INFO  ServerApp - Коллекция успешно сохранена.
2025-09-17 00:03:20 ERROR ServerLogger - Загрузочный файл не может быть открыт!
2025-09-17 00:03:20 INFO  ServerApp - Коллекция успешно сохранена.
2025-09-17 00:03:20 INFO  ServerApp - Коллекция успешно сохранена.
2025-09-17 00:03:33 ERROR ServerLogger - Загрузочный файл не может быть открыт!
2025-09-17 00:03:33 INFO  ServerApp - Коллекция успешно сохранена.
2025-09-17 00:03:33 INFO  ServerApp - Коллекция успешно сохранена.
2025-09-17 00:05:49 ERROR ServerLogger - Загрузочный файл не может быть открыт!
2025-09-17 00:05:49 INFO  ServerApp - Коллекция успешно сохранена.
2025-09-17 00:05:49 INFO  ServerApp - Коллекция успешно сохранена.
2025-09-17 00:11:04 ERROR ServerLogger - Загрузочный файл не может быть открыт!
2025-09-17 00:11:04 INFO  ServerApp - Коллекция успешно сохранена.
2025-09-17 00:11:04 INFO  ServerApp - Коллекция успешно сохранена.
2025-09-17 00:13:57 ERROR ServerLogger - Загрузочный файл не может быть открыт!
2025-09-17 00:13:57 INFO  ServerApp - Коллекция успешно сохранена.
2025-09-17 00:13:57 INFO  ServerApp - Коллекция успешно сохранена.
2025-09-17 00:14:09 ERROR ServerLogger - Загрузочный файл не может быть открыт!
2025-09-17 00:14:09 INFO  ServerApp - Коллекция успешно сохранена.
2025-09-17 00:14:09 INFO  ServerApp - Коллекция успешно сохранена.
2025-09-17 00:14:19 ERROR ServerLogger - Загрузочный файл не может быть открыт!
2025-09-17 00:14:19 INFO  ServerApp - Коллекция успешно сохранена.
2025-09-17 00:14:19 INFO  ServerApp - Коллекция успешно сохранена.
2025-09-17 00:14:27 ERROR ServerLogger - Загрузочный файл не может быть открыт!
2025-09-17 00:14:27 INFO  ServerApp - Коллекция успешно сохранена.
2025-09-17 00:14:27 INFO  ServerApp - Коллекция успешно сохранена.
2025-09-17 00:15:56 ERROR ServerLogger - Загрузочный файл не может быть открыт!
2025-09-17 00:15:56 INFO  ServerApp - Коллекция успешно сохранена.
2025-09-17 00:15:56 INFO  ServerApp - Коллекция успешно сохранена.
2025-09-17 00:16:01 ERROR ServerLogger - Загрузочный файл не может быть открыт!
2025-09-17 00:16:01 INFO  ServerApp - Коллекция успешно сохранена.
2025-09-17 00:16:01 INFO  ServerApp - Коллекция успешно сохранена.
2025-09-17 00:18:51 ERROR ServerLogger - Загрузочный файл не найден!
2025-09-17 00:18:51 INFO  ServerApp - Коллекция успешно загружена.
2025-09-17 00:18:51 INFO  ServerApp - Коллекция успешно загружена.
2025-09-17 00:18:51 INFO  ServerApp - Все загруженные объекты валидны.
2025-09-17 00:18:51 INFO  ServerApp - Все загруженные объекты валидны.
2025-09-17 00:18:51 ERROR ServerLogger - Ошибка создания сокета на порту 8080
java.net.BindException: Address already in use
	at sun.nio.ch.Net.bind0(Native Method) ~[?:?]
	at sun.nio.ch.Net.bind(Net.java:555) ~[?:?]
	at sun.nio.ch.DatagramChannelImpl.bindInternal(DatagramChannelImpl.java:1194) ~[?:?]
	at sun.nio.ch.DatagramChannelImpl.bind(DatagramChannelImpl.java:1164) ~[?:?]
	at sun.nio.ch.DatagramSocketAdaptor.bind(DatagramSocketAdaptor.java:107) ~[?:?]
	at java.net.DatagramSocket.createDelegate(DatagramSocket.java:1426) ~[?:?]
	at java.net.DatagramSocket.<init>(DatagramSocket.java:330) ~[?:?]
	at server.network.TCPDatagramServer.<init>(TCPDatagramServer.java:37) ~[main/:?]
	at server.ServerApp.main(ServerApp.java:79) ~[main/:?]
2025-09-17 00:18:51 ERROR ServerLogger - Загрузочный файл не может быть открыт!
2025-09-17 00:18:51 INFO  ServerApp - Коллекция успешно сохранена.
2025-09-17 00:18:51 INFO  ServerApp - Коллекция успешно сохранена.
2025-09-17 00:24:58 ERROR ServerLogger - Загрузочный файл не может быть открыт!
2025-09-17 00:24:58 INFO  ServerApp - Коллекция успешно сохранена.
2025-09-17 00:24:58 INFO  ServerApp - Коллекция успешно сохранена.
2025-09-17 00:30:23 ERROR ServerLogger - Загрузочный файл не может быть открыт!
2025-09-17 00:30:23 INFO  ServerApp - Коллекция успешно сохранена.
2025-09-17 00:30:23 INFO  ServerApp - Коллекция успешно сохранена.
2025-09-17 00:36:12 ERROR ServerLogger - Загрузочный файл не может быть открыт!
2025-09-17 00:36:12 INFO  ServerApp - Коллекция успешно сохранена.
2025-09-17 00:36:12 INFO  ServerApp - Коллекция успешно сохранена.
2025-09-17 00:36:39 ERROR ServerLogger - Загрузочный файл не найден!
2025-09-17 00:36:39 INFO  ServerApp - Коллекция успешно загружена.
2025-09-17 00:36:39 INFO  ServerApp - Коллекция успешно загружена.
2025-09-17 00:36:39 INFO  ServerApp - Все загруженные объекты валидны.
2025-09-17 00:36:39 INFO  ServerApp - Все загруженные объекты валидны.
2025-09-17 00:37:33 ERROR ServerLogger - Загрузочный файл не может быть открыт!
2025-09-17 00:37:33 INFO  ServerApp - Коллекция успешно сохранена.
2025-09-17 00:37:33 INFO  ServerApp - Коллекция успешно сохранена.
2025-09-17 00:38:09 ERROR ServerLogger - Загрузочный файл не может быть открыт!
2025-09-17 00:38:09 INFO  ServerApp - Коллекция успешно сохранена.
2025-09-17 00:38:09 INFO  ServerApp - Коллекция успешно сохранена.
2025-09-17 00:39:21 ERROR ServerLogger - Загрузочный файл не найден!
2025-09-17 00:39:21 INFO  ServerApp - Коллекция успешно загружена.
2025-09-17 00:39:21 INFO  ServerApp - Коллекция успешно загружена.
2025-09-17 00:39:21 INFO  ServerApp - Все загруженные объекты валидны.
2025-09-17 00:39:21 INFO  ServerApp - Все загруженные объекты валидны.
2025-09-17 00:39:27 ERROR ServerLogger - Загрузочный файл не может быть открыт!
2025-09-17 00:39:27 INFO  ServerApp - Коллекция успешно сохранена.
2025-09-17 00:39:27 INFO  ServerApp - Коллекция успешно сохранена.
2025-09-17 00:39:34 ERROR ServerLogger - Загрузочный файл не может быть открыт!
2025-09-17 00:39:34 INFO  ServerApp - Коллекция успешно сохранена.
2025-09-17 00:39:34 INFO  ServerApp - Коллекция успешно сохранена.
2025-09-17 00:40:36 ERROR ServerLogger - Загрузочный файл не может быть открыт!
2025-09-17 00:40:36 INFO  ServerApp - Коллекция успешно сохранена.
2025-09-17 00:40:36 INFO  ServerApp - Коллекция успешно сохранена.
2025-09-17 00:42:32 ERROR ServerLogger - Загрузочный файл не может быть открыт!
2025-09-17 00:42:32 INFO  ServerApp - Коллекция успешно сохранена.
2025-09-17 00:42:32 INFO  ServerApp - Коллекция успешно сохранена.
2025-09-17 00:43:47 ERROR ServerLogger - Загрузочный файл не найден!
2025-09-17 00:43:47 INFO  ServerApp - Коллекция успешно загружена.
2025-09-17 00:43:47 INFO  ServerApp - Коллекция успешно загружена.
2025-09-17 00:43:47 INFO  ServerApp - Все загруженные объекты валидны.
2025-09-17 00:43:47 INFO  ServerApp - Все загруженные объекты валидны.
2025-09-17 00:45:53 ERROR ServerLogger - Загрузочный файл не может быть открыт!
2025-09-17 00:45:53 INFO  ServerApp - Коллекция успешно сохранена.
2025-09-17 00:45:53 INFO  ServerApp - Коллекция успешно сохранена.
2025-09-17 00:45:57 ERROR ServerLogger - Загрузочный файл не найден!
2025-09-17 00:45:57 INFO  ServerApp - Коллекция успешно загружена.
2025-09-17 00:45:57 INFO  ServerApp - Коллекция успешно загружена.
2025-09-17 00:45:57 INFO  ServerApp - Все загруженные объекты валидны.
2025-09-17 00:45:57 INFO  ServerApp - Все загруженные объекты валидны.
2025-09-17 00:47:06 ERROR ServerLogger - Загрузочный файл не может быть открыт!
2025-09-17 00:47:06 INFO  ServerApp - Коллекция успешно сохранена.
2025-09-17 00:47:06 INFO  ServerApp - Коллекция успешно сохранена.
2025-09-17 00:48:07 ERROR ServerLogger - Загрузочный файл не найден!
2025-09-17 00:48:07 INFO  ServerApp - Коллекция успешно загружена.
2025-09-17 00:48:07 INFO  ServerApp - Коллекция успешно загружена.
2025-09-17 00:48:07 INFO  ServerApp - Все загруженные объекты валидны.
2025-09-17 00:48:07 INFO  ServerApp - Все загруженные объекты валидны.
2025-09-17 00:48:28 ERROR ServerLogger - Загрузочный файл не может быть открыт!
2025-09-17 00:48:28 INFO  ServerApp - Коллекция успешно сохранена.
2025-09-17 00:48:28 INFO  ServerApp - Коллекция успешно сохранена.
2025-09-17 01:08:04 ERROR ServerLogger - Загрузочный файл не найден!
2025-09-17 01:08:04 INFO  ServerApp - Коллекция успешно загружена.
2025-09-17 01:08:04 INFO  ServerApp - Коллекция успешно загружена.
2025-09-17 01:08:04 INFO  ServerApp - Все загруженные объекты валидны.
2025-09-17 01:08:04 INFO  ServerApp - Все загруженные объекты валидны.
2025-09-17 01:11:36 ERROR ServerLogger - Загрузочный файл не может быть открыт!
2025-09-17 01:11:36 INFO  ServerApp - Коллекция успешно сохранена.
2025-09-17 01:11:36 INFO  ServerApp - Коллекция успешно сохранена.
